<?xml version="1.0" encoding="UTF-8"?>
<testsuite name="ggo.sociallogin.SocialLoginApplicationTests" tests="1" skipped="0" failures="0" errors="0" timestamp="2020-05-12T23:49:04" hostname="arch157000" time="0.23">
  <properties/>
  <testcase name="contextLoads()" classname="ggo.sociallogin.SocialLoginApplicationTests" time="0.23"/>
  <system-out><![CDATA[23:49:02.803 [Test worker] DEBUG org.springframework.test.context.BootstrapUtils - Instantiating CacheAwareContextLoaderDelegate from class [org.springframework.test.context.cache.DefaultCacheAwareContextLoaderDelegate]
23:49:02.814 [Test worker] DEBUG org.springframework.test.context.BootstrapUtils - Instantiating BootstrapContext using constructor [public org.springframework.test.context.support.DefaultBootstrapContext(java.lang.Class,org.springframework.test.context.CacheAwareContextLoaderDelegate)]
23:49:02.834 [Test worker] DEBUG org.springframework.test.context.BootstrapUtils - Instantiating TestContextBootstrapper for test class [ggo.sociallogin.SocialLoginApplicationTests] from class [org.springframework.boot.test.context.SpringBootTestContextBootstrapper]
23:49:02.844 [Test worker] INFO org.springframework.boot.test.context.SpringBootTestContextBootstrapper - Neither @ContextConfiguration nor @ContextHierarchy found for test class [ggo.sociallogin.SocialLoginApplicationTests], using SpringBootContextLoader
23:49:02.847 [Test worker] DEBUG org.springframework.test.context.support.AbstractContextLoader - Did not detect default resource location for test class [ggo.sociallogin.SocialLoginApplicationTests]: class path resource [ggo/sociallogin/SocialLoginApplicationTests-context.xml] does not exist
23:49:02.847 [Test worker] DEBUG org.springframework.test.context.support.AbstractContextLoader - Did not detect default resource location for test class [ggo.sociallogin.SocialLoginApplicationTests]: class path resource [ggo/sociallogin/SocialLoginApplicationTestsContext.groovy] does not exist
23:49:02.848 [Test worker] INFO org.springframework.test.context.support.AbstractContextLoader - Could not detect default resource locations for test class [ggo.sociallogin.SocialLoginApplicationTests]: no resource found for suffixes {-context.xml, Context.groovy}.
23:49:02.848 [Test worker] INFO org.springframework.test.context.support.AnnotationConfigContextLoaderUtils - Could not detect default configuration classes for test class [ggo.sociallogin.SocialLoginApplicationTests]: SocialLoginApplicationTests does not declare any static, non-private, non-final, nested classes annotated with @Configuration.
23:49:02.875 [Test worker] DEBUG org.springframework.test.context.support.ActiveProfilesUtils - Could not find an 'annotation declaring class' for annotation type [org.springframework.test.context.ActiveProfiles] and class [ggo.sociallogin.SocialLoginApplicationTests]
23:49:02.926 [Test worker] DEBUG org.springframework.context.annotation.ClassPathScanningCandidateComponentProvider - Identified candidate component class: file [/home/gabriel/projects/social-login/build/classes/groovy/main/ggo/sociallogin/SocialLoginApplication.class]
23:49:02.926 [Test worker] INFO org.springframework.boot.test.context.SpringBootTestContextBootstrapper - Found @SpringBootConfiguration ggo.sociallogin.SocialLoginApplication for test class ggo.sociallogin.SocialLoginApplicationTests
23:49:02.985 [Test worker] DEBUG org.springframework.boot.test.context.SpringBootTestContextBootstrapper - @TestExecutionListeners is not present for class [ggo.sociallogin.SocialLoginApplicationTests]: using defaults.
23:49:02.986 [Test worker] INFO org.springframework.boot.test.context.SpringBootTestContextBootstrapper - Loaded default TestExecutionListener class names from location [META-INF/spring.factories]: [org.springframework.boot.test.autoconfigure.restdocs.RestDocsTestExecutionListener, org.springframework.boot.test.autoconfigure.web.client.MockRestServiceServerResetTestExecutionListener, org.springframework.boot.test.autoconfigure.web.servlet.MockMvcPrintOnlyOnFailureTestExecutionListener, org.springframework.boot.test.autoconfigure.web.servlet.WebDriverTestExecutionListener, org.springframework.boot.test.mock.mockito.MockitoTestExecutionListener, org.springframework.boot.test.mock.mockito.ResetMocksTestExecutionListener, org.springframework.test.context.web.ServletTestExecutionListener, org.springframework.test.context.support.DirtiesContextBeforeModesTestExecutionListener, org.springframework.test.context.support.DependencyInjectionTestExecutionListener, org.springframework.test.context.support.DirtiesContextTestExecutionListener, org.springframework.test.context.transaction.TransactionalTestExecutionListener, org.springframework.test.context.jdbc.SqlScriptsTestExecutionListener, org.springframework.test.context.event.EventPublishingTestExecutionListener]
23:49:02.992 [Test worker] DEBUG org.springframework.boot.test.context.SpringBootTestContextBootstrapper - Skipping candidate TestExecutionListener [org.springframework.test.context.transaction.TransactionalTestExecutionListener] due to a missing dependency. Specify custom listener classes or make the default listener classes and their required dependencies available. Offending class: [org/springframework/transaction/TransactionDefinition]
23:49:02.993 [Test worker] DEBUG org.springframework.boot.test.context.SpringBootTestContextBootstrapper - Skipping candidate TestExecutionListener [org.springframework.test.context.jdbc.SqlScriptsTestExecutionListener] due to a missing dependency. Specify custom listener classes or make the default listener classes and their required dependencies available. Offending class: [org/springframework/transaction/interceptor/TransactionAttribute]
23:49:02.993 [Test worker] INFO org.springframework.boot.test.context.SpringBootTestContextBootstrapper - Using TestExecutionListeners: [org.springframework.test.context.web.ServletTestExecutionListener@4bc3e31b, org.springframework.test.context.support.DirtiesContextBeforeModesTestExecutionListener@6fcfa550, org.springframework.boot.test.mock.mockito.MockitoTestExecutionListener@15cb8c13, org.springframework.boot.test.autoconfigure.SpringBootDependencyInjectionTestExecutionListener@204ed7b8, org.springframework.test.context.support.DirtiesContextTestExecutionListener@74413391, org.springframework.test.context.event.EventPublishingTestExecutionListener@66b6ed6c, org.springframework.boot.test.autoconfigure.restdocs.RestDocsTestExecutionListener@2f544ebd, org.springframework.boot.test.autoconfigure.web.client.MockRestServiceServerResetTestExecutionListener@79f1bff8, org.springframework.boot.test.autoconfigure.web.servlet.MockMvcPrintOnlyOnFailureTestExecutionListener@4d1c6ec, org.springframework.boot.test.autoconfigure.web.servlet.WebDriverTestExecutionListener@555d9697, org.springframework.boot.test.mock.mockito.ResetMocksTestExecutionListener@58711b27]
23:49:02.996 [Test worker] DEBUG org.springframework.test.context.support.AbstractDirtiesContextTestExecutionListener - Before test class: context [DefaultTestContext@503a22a6 testClass = SocialLoginApplicationTests, testInstance = [null], testMethod = [null], testException = [null], mergedContextConfiguration = [WebMergedContextConfiguration@7349b99e testClass = SocialLoginApplicationTests, locations = '{}', classes = '{class ggo.sociallogin.SocialLoginApplication}', contextInitializerClasses = '[]', activeProfiles = '{}', propertySourceLocations = '{}', propertySourceProperties = '{org.springframework.boot.test.context.SpringBootTestContextBootstrapper=true}', contextCustomizers = set[org.springframework.boot.test.autoconfigure.properties.PropertyMappingContextCustomizer@0, org.springframework.boot.test.autoconfigure.web.servlet.WebDriverContextCustomizerFactory$Customizer@789b5362, org.springframework.boot.test.context.filter.ExcludeFilterContextCustomizer@3589291e, org.springframework.boot.test.json.DuplicateJsonObjectContextCustomizerFactory$DuplicateJsonObjectContextCustomizer@45d0338, org.springframework.boot.test.mock.mockito.MockitoContextCustomizer@0, org.springframework.boot.test.web.client.TestRestTemplateContextCustomizer@16c25730, org.springframework.boot.test.context.SpringBootTestArgs@1], resourceBasePath = 'src/main/webapp', contextLoader = 'org.springframework.boot.test.context.SpringBootContextLoader', parent = [null]], attributes = map['org.springframework.test.context.web.ServletTestExecutionListener.activateListener' -> true]], class annotated with @DirtiesContext [false] with mode [null].
23:49:03.135 [Test worker] DEBUG org.springframework.test.context.support.TestPropertySourceUtils - Adding inlined properties to environment: {spring.jmx.enabled=false, org.springframework.boot.test.context.SpringBootTestContextBootstrapper=true}

  .   ____          _            __ _ _
 /\\ / ___'_ __ _ _(_)_ __  __ _ \ \ \ \
( ( )\___ | '_ | '_| | '_ \/ _` | \ \ \ \
 \\/  ___)| |_)| | | | | || (_| |  ) ) ) )
  '  |____| .__|_| |_|_| |_\__, | / / / /
 =========|_|==============|___/=/_/_/_/
 :: Spring Boot ::  (v2.3.0.BUILD-SNAPSHOT)

2020-05-12 23:49:03.319  INFO 11004 --- [    Test worker] g.s.SocialLoginApplicationTests          : Starting SocialLoginApplicationTests on arch157000 with PID 11004 (started by gabriel in /home/gabriel/projects/social-login)
2020-05-12 23:49:03.321  INFO 11004 --- [    Test worker] g.s.SocialLoginApplicationTests          : No active profile set, falling back to default profiles: default
2020-05-12 23:49:04.084  INFO 11004 --- [    Test worker] o.s.s.concurrent.ThreadPoolTaskExecutor  : Initializing ExecutorService 'applicationTaskExecutor'
2020-05-12 23:49:04.461  INFO 11004 --- [    Test worker] g.s.SocialLoginApplicationTests          : Started SocialLoginApplicationTests in 1.318 seconds (JVM running for 2.222)
]]></system-out>
  <system-err><![CDATA[]]></system-err>
</testsuite>
